
> @linksee/api@0.1.0 test:coverage
> jest --coverage

npm : ts-jest[ts-jest-transformer] (WARN) Define `ts-jest` config under `globals` is deprecated. Pleas
e do
所在位置 行:1 字符: 1
+ npm run test:coverage 2>&1 > test-output.txt; Get-Content test-output ...
+ ~~~~~~~~~~~~~~~~~~~~~~~~~~~~~~~~~~~~~~~~~~~~
    + CategoryInfo          : NotSpecified: (ts-jest[ts-jest...ated. Please do:String) [], RemoteExce 
   ption
    + FullyQualifiedErrorId : NativeCommandError
 
transform: {
    <transform_regex>: ['ts-jest', { /* ts-jest config goes here in Jest */ }],
},
See more at https://kulshekhar.github.io/ts-jest/docs/getting-started/presets#advanced
ts-jest[ts-jest-transformer] (WARN) Define `ts-jest` config under `globals` is deprecated. Please do
transform: {
    <transform_regex>: ['ts-jest', { /* ts-jest config goes here in Jest */ }],
},
See more at https://kulshekhar.github.io/ts-jest/docs/getting-started/presets#advanced
PASS src/collaboration/__tests__/course-chat-router.integration.test.ts
PASS src/collaboration/__tests__/chat-helpers.test.ts
------------------------------|---------|----------|---------|---------|-------------------
File                          | % Stmts | % Branch | % Funcs | % Lines | Uncovered Line #s 
------------------------------|---------|----------|---------|---------|-------------------
All files                     |    2.19 |     2.11 |    1.67 |    2.03 |                   
 assignments                  |       0 |        0 |       0 |       0 |                   
  assignment-access.ts        |       0 |        0 |       0 |       0 | 7-371             
  assignment-stages-router.ts |       0 |        0 |       0 |       0 | 30-426            
  assignments-router.ts       |       0 |        0 |       0 |       0 | 29-341            
  course-material-storage.ts  |       0 |        0 |       0 |       0 | 21-143            
 auth                         |       0 |        0 |       0 |       0 |                   
  auth-router.ts              |       0 |        0 |       0 |       0 | 28-372            
  login-rate-limit.ts         |       0 |        0 |       0 |       0 | 3-24              
  password-utils.ts           |       0 |        0 |       0 |       0 | 3-29              
  seed-test-user.ts           |       0 |      100 |       0 |       0 | 4-26              
  server.ts                   |       0 |        0 |       0 |       0 | 27-111            
  token-service.ts            |       0 |        0 |       0 |       0 | 7-77              
 collaboration                |    6.15 |     6.63 |    5.33 |    5.63 |                   
  chat-files-cleanup.ts       |       0 |        0 |       0 |       0 | 6-46              
  chat-files-router.ts        |       0 |        0 |       0 |       0 | 16-124            
  chat-helpers.ts             |   87.75 |       90 |   57.14 |   85.36 | 27-28,60,73,86-90 
  conversations-router.ts     |       0 |        0 |       0 |       0 | 8-230             
  course-chat-router.ts       |       0 |        0 |       0 |       0 | 27-529            
  group-chat-router.ts        |       0 |        0 |       0 |       0 | 27-578            
  realtime-router.ts          |       0 |        0 |       0 |       0 | 10-86             
 courses                      |       0 |        0 |       0 |       0 |                   
  course-access.ts            |       0 |        0 |       0 |       0 | 6-114             
  course-members-router.ts    |       0 |        0 |       0 |       0 | 9-209             
  courses-router.ts           |       0 |        0 |       0 |       0 | 11-568            
 events                       |       0 |        0 |       0 |       0 |                   
  event-builder.ts            |       0 |        0 |       0 |       0 | 5-7               
  event-catalog.ts            |       0 |      100 |     100 |       0 | 3                 
  publisher.ts                |       0 |        0 |       0 |       0 | 14-18             
  realtime-cache.ts           |       0 |        0 |       0 |       0 | 4-78              
  realtime-publisher.ts       |       0 |        0 |       0 |       0 | 5-23              
 groups                       |       0 |        0 |       0 |       0 |                   
  group-access.ts             |       0 |        0 |       0 |       0 | 19-206            
  groups-router.ts            |       0 |        0 |       0 |       0 | 15-260            
 http                         |       0 |      100 |     100 |       0 |                   
  routes.ts                   |       0 |      100 |     100 |       0 | 18                
 infra                        |   14.81 |    15.38 |      10 |   15.38 |                   
  env.ts                      |   83.33 |    66.66 |     100 |   83.33 | 6                 
  jwt-middleware.ts           |       0 |        0 |       0 |       0 | 22-69             
  minio.ts                    |       0 |        0 |       0 |       0 | 4-64              
  prisma.ts                   |     100 |      100 |     100 |     100 |                   
  redis.ts                    |       0 |      100 |     100 |       0 | 4                 
 socket                       |       0 |        0 |       0 |       0 |                   
  gateway.ts                  |       0 |        0 |       0 |       0 | 30-159            
  socket-events.ts            |       0 |      100 |     100 |       0 | 15-58             
 users                        |       0 |        0 |       0 |       0 |                   
  admin-router.ts             |       0 |        0 |       0 |       0 | 10-455            
  assistant-router.ts         |       0 |        0 |       0 |       0 | 9-57              
  errors.ts                   |       0 |        0 |       0 |       0 | 4                 
  self-router.ts              |       0 |        0 |       0 |       0 | 10-205            
  users-router.ts             |       0 |      100 |     100 |       0 | 6-10              
------------------------------|---------|----------|---------|---------|-------------------
Jest: "global" coverage threshold for statements (25%) not met: 2.19%
Jest: "global" coverage threshold for branches (25%) not met: 2.11%
Jest: "global" coverage threshold for lines (25%) not met: 2.03%
Jest: "global" coverage threshold for functions (25%) not met: 1.67%

Test Suites: 2 passed, 2 total
Tests:       37 passed, 37 total
Snapshots:   0 total
Time:        15.652 s
Ran all test suites.
npm error Lifecycle script `test:coverage` failed with error:
npm error code 1
npm error path C:\Users\14300\Desktop\软工\Linksee\apps\api
npm error workspace @linksee/api@0.1.0
npm error location C:\Users\14300\Desktop\软工\Linksee\apps\api
npm error command failed
npm error command C:\Windows\system32\cmd.exe /d /s /c jest --coverage
